
C:\Documents and Settings\Jingxi\My Documents\My Projects\STM32Primer\Projects\STM32ECG\objdebug\Application.o:     file format elf32-littlearm
C:\Documents and Settings\Jingxi\My Documents\My Projects\STM32Primer\Projects\STM32ECG\objdebug\Application.o

Disassembly of section .text.DrawTrace:

00000000 <DrawTrace>:
DrawTrace():
C:\Documents and Settings\Jingxi\My Documents\My Projects\STM32Primer\Projects\STM32ECG\src/Application.c:246
   0:	e92d 43f7 	stmdb	sp!, {r0, r1, r2, r4, r5, r6, r7, r8, r9, lr}
C:\Documents and Settings\Jingxi\My Documents\My Projects\STM32Primer\Projects\STM32ECG\src/Application.c:251
   4:	f100 030f 	add.w	r3, r0, #15	; 0xf
   8:	fa1f f983 	uxth.w	r9, r3
C:\Documents and Settings\Jingxi\My Documents\My Projects\STM32Primer\Projects\STM32ECG\src/Application.c:254
   c:	4b16      	ldr	r3, [pc, #88]	(68 <DrawTrace+0x68>)
   e:	2100      	movs	r1, #0
  10:	681a      	ldr	r2, [r3, #0]
  12:	f64f 73ff 	movw	r3, #65535	; 0xffff
  16:	9300      	str	r3, [sp, #0]
  18:	f8d2 4118 	ldr.w	r4, [r2, #280]
  1c:	236e      	movs	r3, #110
  1e:	220f      	movs	r2, #15
  20:	4606      	mov	r6, r0
  22:	47a0      	blx	r4
  24:	4d11      	ldr	r5, [pc, #68]	(6c <DrawTrace+0x6c>)
  26:	b2b7      	uxth	r7, r6
C:\Documents and Settings\Jingxi\My Documents\My Projects\STM32Primer\Projects\STM32ECG\src/Application.c:257
  28:	e016      	b.n	58 <DrawTrace+0x58>
C:\Documents and Settings\Jingxi\My Documents\My Projects\STM32Primer\Projects\STM32ECG\src/Application.c:259
  2a:	4b0f      	ldr	r3, [pc, #60]	(68 <DrawTrace+0x68>)
  2c:	f8df 8040 	ldr.w	r8, [pc, #64]	; 70 <DrawTrace+0x70>
  30:	6818      	ldr	r0, [r3, #0]
  32:	f44f 52f8 	mov.w	r2, #7936	; 0x1f00
  36:	9200      	str	r2, [sp, #0]
  38:	f935 3c02 	ldrsh.w	r3, [r5, #-2]
  3c:	f8d0 40bc 	ldr.w	r4, [r0, #188]
  40:	4632      	mov	r2, r6
  42:	4630      	mov	r0, r6
  44:	f8b8 1000 	ldrh.w	r1, [r8]
  48:	47a0      	blx	r4
C:\Documents and Settings\Jingxi\My Documents\My Projects\STM32Primer\Projects\STM32ECG\src/Application.c:260
  4a:	f835 3c02 	ldrh.w	r3, [r5, #-2]
C:\Documents and Settings\Jingxi\My Documents\My Projects\STM32Primer\Projects\STM32ECG\src/Application.c:257
  4e:	3601      	adds	r6, #1
C:\Documents and Settings\Jingxi\My Documents\My Projects\STM32Primer\Projects\STM32ECG\src/Application.c:260
  50:	f8a8 3000 	strh.w	r3, [r8]
C:\Documents and Settings\Jingxi\My Documents\My Projects\STM32Primer\Projects\STM32ECG\src/Application.c:257
  54:	1c7b      	adds	r3, r7, #1
  56:	b29f      	uxth	r7, r3
  58:	b23a      	sxth	r2, r7
  5a:	fa0f f389 	sxth.w	r3, r9
  5e:	3502      	adds	r5, #2
  60:	429a      	cmp	r2, r3
  62:	dbe2      	blt.n	2a <DrawTrace+0x2a>
C:\Documents and Settings\Jingxi\My Documents\My Projects\STM32Primer\Projects\STM32ECG\src/Application.c:262
  64:	e8bd 83fe 	ldmia.w	sp!, {r1, r2, r3, r4, r5, r6, r7, r8, r9, pc}
	...
Disassembly of section .text.DetectHR:

00000000 <DetectHR>:
DetectHR():
C:\Documents and Settings\Jingxi\My Documents\My Projects\STM32Primer\Projects\STM32ECG\src/Application.c:265
   0:	4b2a      	ldr	r3, [pc, #168]	(ac <DetectHR+0xac>)
   2:	e92d 41f0 	stmdb	sp!, {r4, r5, r6, r7, r8, lr}
C:\Documents and Settings\Jingxi\My Documents\My Projects\STM32Primer\Projects\STM32ECG\src/Application.c:269
   6:	781c      	ldrb	r4, [r3, #0]
C:\Documents and Settings\Jingxi\My Documents\My Projects\STM32Primer\Projects\STM32ECG\src/Application.c:267
   8:	4f29      	ldr	r7, [pc, #164]	(b0 <DetectHR+0xb0>)
C:\Documents and Settings\Jingxi\My Documents\My Projects\STM32Primer\Projects\STM32ECG\src/Application.c:269
   a:	b10c      	cbz	r4, 10 <DetectHR+0x10>
   c:	2600      	movs	r6, #0
   e:	e035      	b.n	7c <DetectHR+0x7c>
C:\Documents and Settings\Jingxi\My Documents\My Projects\STM32Primer\Projects\STM32ECG\src/Application.c:271
  10:	4b28      	ldr	r3, [pc, #160]	(b4 <DetectHR+0xb4>)
  12:	2001      	movs	r0, #1
  14:	681b      	ldr	r3, [r3, #0]
  16:	4621      	mov	r1, r4
  18:	f8d3 3180 	ldr.w	r3, [r3, #384]
  1c:	4798      	blx	r3
  1e:	4b26      	ldr	r3, [pc, #152]	(b8 <DetectHR+0xb8>)
  20:	4626      	mov	r6, r4
  22:	881a      	ldrh	r2, [r3, #0]
  24:	1c53      	adds	r3, r2, #1
  26:	b29a      	uxth	r2, r3
C:\Documents and Settings\Jingxi\My Documents\My Projects\STM32Primer\Projects\STM32ECG\src/Application.c:275
  28:	f937 3b02 	ldrsh.w	r3, [r7], #2
  2c:	2b40      	cmp	r3, #64
  2e:	dd1f      	ble.n	70 <DetectHR+0x70>
  30:	b213      	sxth	r3, r2
  32:	2b30      	cmp	r3, #48
  34:	dd1c      	ble.n	70 <DetectHR+0x70>
C:\Documents and Settings\Jingxi\My Documents\My Projects\STM32Primer\Projects\STM32ECG\src/Application.c:277
  36:	4c1f      	ldr	r4, [pc, #124]	(b4 <DetectHR+0xb4>)
C:\Documents and Settings\Jingxi\My Documents\My Projects\STM32Primer\Projects\STM32ECG\src/Application.c:275
  38:	4d1f      	ldr	r5, [pc, #124]	(b8 <DetectHR+0xb8>)
C:\Documents and Settings\Jingxi\My Documents\My Projects\STM32Primer\Projects\STM32ECG\src/Application.c:277
  3a:	6823      	ldr	r3, [r4, #0]
C:\Documents and Settings\Jingxi\My Documents\My Projects\STM32Primer\Projects\STM32ECG\src/Application.c:275
  3c:	802a      	strh	r2, [r5, #0]
C:\Documents and Settings\Jingxi\My Documents\My Projects\STM32Primer\Projects\STM32ECG\src/Application.c:277
  3e:	f8d3 3240 	ldr.w	r3, [r3, #576]
  42:	2002      	movs	r0, #2
  44:	4798      	blx	r3
C:\Documents and Settings\Jingxi\My Documents\My Projects\STM32Primer\Projects\STM32ECG\src/Application.c:278
  46:	6823      	ldr	r3, [r4, #0]
  48:	2001      	movs	r0, #1
  4a:	f8d3 3180 	ldr.w	r3, [r3, #384]
  4e:	4601      	mov	r1, r0
  50:	4798      	blx	r3
C:\Documents and Settings\Jingxi\My Documents\My Projects\STM32Primer\Projects\STM32ECG\src/Application.c:279
  52:	f9b5 2000 	ldrsh.w	r2, [r5]
  56:	f44f 53e1 	mov.w	r3, #7200	; 0x1c20
  5a:	fb93 f3f2 	sdiv	r3, r3, r2
  5e:	4a17      	ldr	r2, [pc, #92]	(bc <DetectHR+0xbc>)
  60:	7013      	strb	r3, [r2, #0]
C:\Documents and Settings\Jingxi\My Documents\My Projects\STM32Primer\Projects\STM32ECG\src/Application.c:280
  62:	4b12      	ldr	r3, [pc, #72]	(ac <DetectHR+0xac>)
  64:	2201      	movs	r2, #1
  66:	701a      	strb	r2, [r3, #0]
C:\Documents and Settings\Jingxi\My Documents\My Projects\STM32Primer\Projects\STM32ECG\src/Application.c:281
  68:	f04f 0300 	mov.w	r3, #0	; 0x0
  6c:	802b      	strh	r3, [r5, #0]
C:\Documents and Settings\Jingxi\My Documents\My Projects\STM32Primer\Projects\STM32ECG\src/Application.c:282
  6e:	e005      	b.n	7c <DetectHR+0x7c>
C:\Documents and Settings\Jingxi\My Documents\My Projects\STM32Primer\Projects\STM32ECG\src/Application.c:272
  70:	1c73      	adds	r3, r6, #1
  72:	b2de      	uxtb	r6, r3
  74:	2e0f      	cmp	r6, #15
  76:	d1d5      	bne.n	24 <DetectHR+0x24>
  78:	4b0f      	ldr	r3, [pc, #60]	(b8 <DetectHR+0xb8>)
  7a:	801a      	strh	r2, [r3, #0]
C:\Documents and Settings\Jingxi\My Documents\My Projects\STM32Primer\Projects\STM32ECG\src/Application.c:286
  7c:	4b0b      	ldr	r3, [pc, #44]	(ac <DetectHR+0xac>)
  7e:	781b      	ldrb	r3, [r3, #0]
  80:	b193      	cbz	r3, a8 <DetectHR+0xa8>
C:\Documents and Settings\Jingxi\My Documents\My Projects\STM32Primer\Projects\STM32ECG\src/Application.c:288
  82:	4a0d      	ldr	r2, [pc, #52]	(b8 <DetectHR+0xb8>)
  84:	8813      	ldrh	r3, [r2, #0]
  86:	330f      	adds	r3, #15
  88:	1b9b      	subs	r3, r3, r6
  8a:	8013      	strh	r3, [r2, #0]
C:\Documents and Settings\Jingxi\My Documents\My Projects\STM32Primer\Projects\STM32ECG\src/Application.c:289
  8c:	e00a      	b.n	a4 <DetectHR+0xa4>
C:\Documents and Settings\Jingxi\My Documents\My Projects\STM32Primer\Projects\STM32ECG\src/Application.c:291
  8e:	f9b7 3000 	ldrsh.w	r3, [r7]
  92:	2b2c      	cmp	r3, #44
  94:	dc03      	bgt.n	9e <DetectHR+0x9e>
C:\Documents and Settings\Jingxi\My Documents\My Projects\STM32Primer\Projects\STM32ECG\src/Application.c:293
  96:	4b05      	ldr	r3, [pc, #20]	(ac <DetectHR+0xac>)
  98:	2200      	movs	r2, #0
  9a:	701a      	strb	r2, [r3, #0]
C:\Documents and Settings\Jingxi\My Documents\My Projects\STM32Primer\Projects\STM32ECG\src/Application.c:294
  9c:	e004      	b.n	a8 <DetectHR+0xa8>
C:\Documents and Settings\Jingxi\My Documents\My Projects\STM32Primer\Projects\STM32ECG\src/Application.c:289
  9e:	1c73      	adds	r3, r6, #1
C:\Documents and Settings\Jingxi\My Documents\My Projects\STM32Primer\Projects\STM32ECG\src/Application.c:291
  a0:	3702      	adds	r7, #2
C:\Documents and Settings\Jingxi\My Documents\My Projects\STM32Primer\Projects\STM32ECG\src/Application.c:289
  a2:	b2de      	uxtb	r6, r3
  a4:	2e0e      	cmp	r6, #14
  a6:	d9f2      	bls.n	8e <DetectHR+0x8e>
C:\Documents and Settings\Jingxi\My Documents\My Projects\STM32Primer\Projects\STM32ECG\src/Application.c:298
  a8:	e8bd 81f0 	ldmia.w	sp!, {r4, r5, r6, r7, r8, pc}
	...
Disassembly of section .text.Filter:

00000000 <Filter>:
Filter():
C:\Documents and Settings\Jingxi\My Documents\My Projects\STM32Primer\Projects\STM32ECG\src/Application.c:304
   0:	e92d 4ff0 	stmdb	sp!, {r4, r5, r6, r7, r8, r9, sl, fp, lr}
C:\Documents and Settings\Jingxi\My Documents\My Projects\STM32Primer\Projects\STM32ECG\src/Application.c:308
   4:	4c39      	ldr	r4, [pc, #228]	(ec <Filter+0xec>)
   6:	eb00 0541 	add.w	r5, r0, r1, lsl #1
C:\Documents and Settings\Jingxi\My Documents\My Projects\STM32Primer\Projects\STM32ECG\src/Application.c:310
   a:	e010      	b.n	2e <Filter+0x2e>
C:\Documents and Settings\Jingxi\My Documents\My Projects\STM32Primer\Projects\STM32ECG\src/Application.c:314
   c:	8802      	ldrh	r2, [r0, #0]
   e:	8843      	ldrh	r3, [r0, #2]
  10:	189b      	adds	r3, r3, r2
C:\Documents and Settings\Jingxi\My Documents\My Projects\STM32Primer\Projects\STM32ECG\src/Application.c:315
  12:	8882      	ldrh	r2, [r0, #4]
  14:	189b      	adds	r3, r3, r2
C:\Documents and Settings\Jingxi\My Documents\My Projects\STM32Primer\Projects\STM32ECG\src/Application.c:316
  16:	88c2      	ldrh	r2, [r0, #6]
  18:	3008      	adds	r0, #8
  1a:	189b      	adds	r3, r3, r2
C:\Documents and Settings\Jingxi\My Documents\My Projects\STM32Primer\Projects\STM32ECG\src/Application.c:323
  1c:	b21b      	sxth	r3, r3
  1e:	f5b3 4f80 	cmp.w	r3, #16384	; 0x4000
  22:	bfa8      	it	ge
  24:	f44f 4380 	movge.w	r3, #16384	; 0x4000
  28:	11db      	asrs	r3, r3, #7
  2a:	f824 3c02 	strh.w	r3, [r4, #-2]
  2e:	3402      	adds	r4, #2
C:\Documents and Settings\Jingxi\My Documents\My Projects\STM32Primer\Projects\STM32ECG\src/Application.c:310
  30:	42a8      	cmp	r0, r5
  32:	d3eb      	bcc.n	c <Filter+0xc>
C:\Documents and Settings\Jingxi\My Documents\My Projects\STM32Primer\Projects\STM32ECG\src/Application.c:357
  34:	2304      	movs	r3, #4
  36:	fb91 f3f3 	sdiv	r3, r1, r3
  3a:	4f2d      	ldr	r7, [pc, #180]	(f0 <Filter+0xf0>)
  3c:	fa1f fb83 	uxth.w	fp, r3
  40:	f04f 0a00 	mov.w	sl, #0	; 0x0
C:\Documents and Settings\Jingxi\My Documents\My Projects\STM32Primer\Projects\STM32ECG\src/Application.c:359
  44:	e049      	b.n	da <Filter+0xda>
C:\Documents and Settings\Jingxi\My Documents\My Projects\STM32Primer\Projects\STM32ECG\src/Application.c:361
  46:	4b2b      	ldr	r3, [pc, #172]	(f4 <Filter+0xf4>)
C:\Documents and Settings\Jingxi\My Documents\My Projects\STM32Primer\Projects\STM32ECG\src/Application.c:363
  48:	482b      	ldr	r0, [pc, #172]	(f8 <Filter+0xf8>)
C:\Documents and Settings\Jingxi\My Documents\My Projects\STM32Primer\Projects\STM32ECG\src/Application.c:361
  4a:	f8d3 9004 	ldr.w	r9, [r3, #4]
  4e:	f8d3 8008 	ldr.w	r8, [r3, #8]
  52:	f8d3 c00c 	ldr.w	ip, [r3, #12]
  56:	691c      	ldr	r4, [r3, #16]
C:\Documents and Settings\Jingxi\My Documents\My Projects\STM32Primer\Projects\STM32ECG\src/Application.c:362
  58:	f937 ec02 	ldrsh.w	lr, [r7, #-2]
C:\Documents and Settings\Jingxi\My Documents\My Projects\STM32Primer\Projects\STM32ECG\src/Application.c:363
  5c:	6842      	ldr	r2, [r0, #4]
C:\Documents and Settings\Jingxi\My Documents\My Projects\STM32Primer\Projects\STM32ECG\src/Application.c:361
  5e:	60dc      	str	r4, [r3, #12]
  60:	f8c3 9000 	str.w	r9, [r3]
  64:	f8c3 8004 	str.w	r8, [r3, #4]
  68:	f8c3 c008 	str.w	ip, [r3, #8]
C:\Documents and Settings\Jingxi\My Documents\My Projects\STM32Primer\Projects\STM32ECG\src/Application.c:362
  6c:	f8c3 e010 	str.w	lr, [r3, #16]
C:\Documents and Settings\Jingxi\My Documents\My Projects\STM32Primer\Projects\STM32ECG\src/Application.c:364
  70:	4b22      	ldr	r3, [pc, #136]	(fc <Filter+0xfc>)
C:\Documents and Settings\Jingxi\My Documents\My Projects\STM32Primer\Projects\STM32ECG\src/Application.c:363
  72:	6002      	str	r2, [r0, #0]
C:\Documents and Settings\Jingxi\My Documents\My Projects\STM32Primer\Projects\STM32ECG\src/Application.c:364
  74:	fb02 f203 	mul.w	r2, r2, r3
C:\Documents and Settings\Jingxi\My Documents\My Projects\STM32Primer\Projects\STM32ECG\src/Application.c:363
  78:	68c1      	ldr	r1, [r0, #12]
C:\Documents and Settings\Jingxi\My Documents\My Projects\STM32Primer\Projects\STM32ECG\src/Application.c:364
  7a:	4b21      	ldr	r3, [pc, #132]	(100 <Filter+0x100>)
C:\Documents and Settings\Jingxi\My Documents\My Projects\STM32Primer\Projects\STM32ECG\src/Application.c:363
  7c:	6886      	ldr	r6, [r0, #8]
C:\Documents and Settings\Jingxi\My Documents\My Projects\STM32Primer\Projects\STM32ECG\src/Application.c:364
  7e:	fb01 2303 	mla	r3, r1, r3, r2
C:\Documents and Settings\Jingxi\My Documents\My Projects\STM32Primer\Projects\STM32ECG\src/Application.c:363
  82:	6081      	str	r1, [r0, #8]
C:\Documents and Settings\Jingxi\My Documents\My Projects\STM32Primer\Projects\STM32ECG\src/Application.c:364
  84:	491f      	ldr	r1, [pc, #124]	(104 <Filter+0x104>)
C:\Documents and Settings\Jingxi\My Documents\My Projects\STM32Primer\Projects\STM32ECG\src/Application.c:363
  86:	6905      	ldr	r5, [r0, #16]
C:\Documents and Settings\Jingxi\My Documents\My Projects\STM32Primer\Projects\STM32ECG\src/Application.c:364
  88:	fb06 3101 	mla	r1, r6, r1, r3
  8c:	2306      	movs	r3, #6
  8e:	4a1e      	ldr	r2, [pc, #120]	(108 <Filter+0x108>)
  90:	fb0c e303 	mla	r3, ip, r3, lr
  94:	fb05 1202 	mla	r2, r5, r2, r1
  98:	444b      	add	r3, r9
  9a:	4444      	add	r4, r8
  9c:	eb03 0384 	add.w	r3, r3, r4, lsl #2
  a0:	eb02 4203 	add.w	r2, r2, r3, lsl #16
  a4:	1412      	asrs	r2, r2, #16
C:\Documents and Settings\Jingxi\My Documents\My Projects\STM32Primer\Projects\STM32ECG\src/Application.c:372
  a6:	2303      	movs	r3, #3
C:\Documents and Settings\Jingxi\My Documents\My Projects\STM32Primer\Projects\STM32ECG\src/Application.c:364
  a8:	6102      	str	r2, [r0, #16]
C:\Documents and Settings\Jingxi\My Documents\My Projects\STM32Primer\Projects\STM32ECG\src/Application.c:372
  aa:	fb92 f2f3 	sdiv	r2, r2, r3
  ae:	3a3c      	subs	r2, #60
  b0:	b292      	uxth	r2, r2
C:\Documents and Settings\Jingxi\My Documents\My Projects\STM32Primer\Projects\STM32ECG\src/Application.c:373
  b2:	b213      	sxth	r3, r2
  b4:	2b6d      	cmp	r3, #109
C:\Documents and Settings\Jingxi\My Documents\My Projects\STM32Primer\Projects\STM32ECG\src/Application.c:363
  b6:	6046      	str	r6, [r0, #4]
  b8:	60c5      	str	r5, [r0, #12]
C:\Documents and Settings\Jingxi\My Documents\My Projects\STM32Primer\Projects\STM32ECG\src/Application.c:373
  ba:	dd02      	ble.n	c2 <Filter+0xc2>
C:\Documents and Settings\Jingxi\My Documents\My Projects\STM32Primer\Projects\STM32ECG\src/Application.c:374
  bc:	f04f 036d 	mov.w	r3, #109	; 0x6d
  c0:	e003      	b.n	ca <Filter+0xca>
C:\Documents and Settings\Jingxi\My Documents\My Projects\STM32Primer\Projects\STM32ECG\src/Application.c:375
  c2:	2b00      	cmp	r3, #0
  c4:	da04      	bge.n	d0 <Filter+0xd0>
C:\Documents and Settings\Jingxi\My Documents\My Projects\STM32Primer\Projects\STM32ECG\src/Application.c:376
  c6:	f04f 0300 	mov.w	r3, #0	; 0x0
  ca:	f827 3c02 	strh.w	r3, [r7, #-2]
  ce:	e001      	b.n	d4 <Filter+0xd4>
C:\Documents and Settings\Jingxi\My Documents\My Projects\STM32Primer\Projects\STM32ECG\src/Application.c:378
  d0:	f827 2c02 	strh.w	r2, [r7, #-2]
  d4:	f10a 0a01 	add.w	sl, sl, #1	; 0x1
  d8:	3702      	adds	r7, #2
C:\Documents and Settings\Jingxi\My Documents\My Projects\STM32Primer\Projects\STM32ECG\src/Application.c:359
  da:	fa0f f28a 	sxth.w	r2, sl
  de:	fa0f f38b 	sxth.w	r3, fp
  e2:	429a      	cmp	r2, r3
  e4:	dbaf      	blt.n	46 <Filter+0x46>
C:\Documents and Settings\Jingxi\My Documents\My Projects\STM32Primer\Projects\STM32ECG\src/Application.c:416
  e6:	e8bd 8ff0 	ldmia.w	sp!, {r4, r5, r6, r7, r8, r9, sl, fp, pc}
  ea:	46c0      	nop			(mov r8, r8)
  ec:	00000000 	.word	0x00000000
  f0:	00000002 	.word	0x00000002
	...
  fc:	ffffdf69 	.word	0xffffdf69
 100:	ffff0c06 	.word	0xffff0c06
 104:	ffffd0aa 	.word	0xffffd0aa
 108:	ffff0c38 	.word	0xffff0c38
Disassembly of section .text.MsgVersion:

00000000 <MsgVersion>:
MsgVersion():
C:\Documents and Settings\Jingxi\My Documents\My Projects\STM32Primer\Projects\STM32ECG\src/Application.c:428
   0:	b57f      	push	{r0, r1, r2, r3, r4, r5, r6, lr}
C:\Documents and Settings\Jingxi\My Documents\My Projects\STM32Primer\Projects\STM32ECG\src/Application.c:431
   2:	4d22      	ldr	r5, [pc, #136]	(8c <MsgVersion+0x8c>)
   4:	213c      	movs	r1, #60
   6:	682b      	ldr	r3, [r5, #0]
   8:	4a21      	ldr	r2, [pc, #132]	(90 <MsgVersion+0x90>)
   a:	f8d3 409c 	ldr.w	r4, [r3, #156]
   e:	2005      	movs	r0, #5
  10:	2311      	movs	r3, #17
  12:	47a0      	blx	r4
C:\Documents and Settings\Jingxi\My Documents\My Projects\STM32Primer\Projects\STM32ECG\src/Application.c:432
  14:	682b      	ldr	r3, [r5, #0]
C:\Documents and Settings\Jingxi\My Documents\My Projects\STM32Primer\Projects\STM32ECG\src/Application.c:436
  16:	ae03      	add	r6, sp, #12
C:\Documents and Settings\Jingxi\My Documents\My Projects\STM32Primer\Projects\STM32ECG\src/Application.c:432
  18:	f8d3 409c 	ldr.w	r4, [r3, #156]
  1c:	f8d3 32d0 	ldr.w	r3, [r3, #720]
  20:	4798      	blx	r3
  22:	213c      	movs	r1, #60
  24:	4602      	mov	r2, r0
  26:	2303      	movs	r3, #3
  28:	2050      	movs	r0, #80
  2a:	47a0      	blx	r4
C:\Documents and Settings\Jingxi\My Documents\My Projects\STM32Primer\Projects\STM32ECG\src/Application.c:433
  2c:	682b      	ldr	r3, [r5, #0]
  2e:	2122      	movs	r1, #34
  30:	f8d3 409c 	ldr.w	r4, [r3, #156]
  34:	4a17      	ldr	r2, [pc, #92]	(94 <MsgVersion+0x94>)
  36:	2303      	movs	r3, #3
  38:	2005      	movs	r0, #5
  3a:	47a0      	blx	r4
C:\Documents and Settings\Jingxi\My Documents\My Projects\STM32Primer\Projects\STM32ECG\src/Application.c:434
  3c:	682b      	ldr	r3, [r5, #0]
  3e:	2122      	movs	r1, #34
  40:	f8d3 409c 	ldr.w	r4, [r3, #156]
  44:	4a14      	ldr	r2, [pc, #80]	(98 <MsgVersion+0x98>)
  46:	230c      	movs	r3, #12
  48:	2028      	movs	r0, #40
  4a:	47a0      	blx	r4
C:\Documents and Settings\Jingxi\My Documents\My Projects\STM32Primer\Projects\STM32ECG\src/Application.c:436
  4c:	682b      	ldr	r3, [r5, #0]
  4e:	ac02      	add	r4, sp, #8
  50:	f8d3 3304 	ldr.w	r3, [r3, #772]
  54:	4621      	mov	r1, r4
  56:	aa01      	add	r2, sp, #4
  58:	4630      	mov	r0, r6
  5a:	4798      	blx	r3
C:\Documents and Settings\Jingxi\My Documents\My Projects\STM32Primer\Projects\STM32ECG\src/Application.c:438
  5c:	9a01      	ldr	r2, [sp, #4]
  5e:	233c      	movs	r3, #60
  60:	3204      	adds	r2, #4
  62:	fb92 f1f3 	sdiv	r1, r2, r3
  66:	fb01 2313 	mls	r3, r1, r3, r2
  6a:	9301      	str	r3, [sp, #4]
C:\Documents and Settings\Jingxi\My Documents\My Projects\STM32Primer\Projects\STM32ECG\src/Application.c:442
  6c:	4b07      	ldr	r3, [pc, #28]	(8c <MsgVersion+0x8c>)
  6e:	466a      	mov	r2, sp
  70:	681b      	ldr	r3, [r3, #0]
  72:	4630      	mov	r0, r6
  74:	f8d3 3304 	ldr.w	r3, [r3, #772]
  78:	4621      	mov	r1, r4
  7a:	4798      	blx	r3
C:\Documents and Settings\Jingxi\My Documents\My Projects\STM32Primer\Projects\STM32ECG\src/Application.c:443
  7c:	9a00      	ldr	r2, [sp, #0]
  7e:	9b01      	ldr	r3, [sp, #4]
  80:	429a      	cmp	r2, r3
  82:	d1f3      	bne.n	6c <MsgVersion+0x6c>
C:\Documents and Settings\Jingxi\My Documents\My Projects\STM32Primer\Projects\STM32ECG\src/Application.c:446
  84:	2002      	movs	r0, #2
  86:	b004      	add	sp, #16
  88:	bd70      	pop	{r4, r5, r6, pc}
  8a:	46c0      	nop			(mov r8, r8)
	...
  94:	00000009 	.word	0x00000009
  98:	0000000f 	.word	0x0000000f
Disassembly of section .text.Application_Handler:

00000000 <Application_Handler>:
Application_Handler():
C:\Documents and Settings\Jingxi\My Documents\My Projects\STM32Primer\Projects\STM32ECG\src/Application.c:174
   0:	e92d 41f3 	stmdb	sp!, {r0, r1, r4, r5, r6, r7, r8, lr}
C:\Documents and Settings\Jingxi\My Documents\My Projects\STM32Primer\Projects\STM32ECG\src/Application.c:182
   4:	f8df 8164 	ldr.w	r8, [pc, #356]	; 16c <Application_Handler+0x16c>
   8:	f8d8 4000 	ldr.w	r4, [r8]
   c:	2c00      	cmp	r4, #0
   e:	d077      	beq.n	100 <Application_Handler+0x100>
C:\Documents and Settings\Jingxi\My Documents\My Projects\STM32Primer\Projects\STM32ECG\src/Application.c:185
  10:	2001      	movs	r0, #1
  12:	f7ff fffe 	bl	0 <GetEPTxAddr>
  16:	2278      	movs	r2, #120
  18:	4601      	mov	r1, r0
  1a:	4620      	mov	r0, r4
C:\Documents and Settings\Jingxi\My Documents\My Projects\STM32Primer\Projects\STM32ECG\src/Application.c:193
  1c:	4e4d      	ldr	r6, [pc, #308]	(154 <Application_Handler+0x154>)
C:\Documents and Settings\Jingxi\My Documents\My Projects\STM32Primer\Projects\STM32ECG\src/Application.c:185
  1e:	f7ff fffe 	bl	0 <UserToPMABufferCopy>
C:\Documents and Settings\Jingxi\My Documents\My Projects\STM32Primer\Projects\STM32ECG\src/Application.c:187
  22:	2001      	movs	r0, #1
  24:	f7ff fffe 	bl	0 <SetEPTxValid>
C:\Documents and Settings\Jingxi\My Documents\My Projects\STM32Primer\Projects\STM32ECG\src/Application.c:193
  28:	4f4b      	ldr	r7, [pc, #300]	(158 <Application_Handler+0x158>)
C:\Documents and Settings\Jingxi\My Documents\My Projects\STM32Primer\Projects\STM32ECG\src/Application.c:190
  2a:	f8d8 0000 	ldr.w	r0, [r8]
  2e:	213c      	movs	r1, #60
  30:	f7ff fffe 	bl	0 <Application_Handler>
C:\Documents and Settings\Jingxi\My Documents\My Projects\STM32Primer\Projects\STM32ECG\src/Application.c:193
  34:	6832      	ldr	r2, [r6, #0]
  36:	f64f 73ff 	movw	r3, #65535	; 0xffff
  3a:	f9b7 0000 	ldrsh.w	r0, [r7]
  3e:	9300      	str	r3, [sp, #0]
  40:	f8d2 4118 	ldr.w	r4, [r2, #280]
  44:	220f      	movs	r2, #15
  46:	4613      	mov	r3, r2
  48:	216f      	movs	r1, #111
  4a:	47a0      	blx	r4
C:\Documents and Settings\Jingxi\My Documents\My Projects\STM32Primer\Projects\STM32ECG\src/Application.c:196
  4c:	6833      	ldr	r3, [r6, #0]
  4e:	2033      	movs	r0, #51
  50:	f8d3 310c 	ldr.w	r3, [r3, #268]
  54:	4798      	blx	r3
C:\Documents and Settings\Jingxi\My Documents\My Projects\STM32Primer\Projects\STM32ECG\src/Application.c:197
  56:	6833      	ldr	r3, [r6, #0]
  58:	2004      	movs	r0, #4
  5a:	f8d3 3110 	ldr.w	r3, [r3, #272]
  5e:	4798      	blx	r3
C:\Documents and Settings\Jingxi\My Documents\My Projects\STM32Primer\Projects\STM32ECG\src/Application.c:198
  60:	6833      	ldr	r3, [r6, #0]
  62:	2078      	movs	r0, #120
  64:	f8d3 3110 	ldr.w	r3, [r3, #272]
  68:	4798      	blx	r3
C:\Documents and Settings\Jingxi\My Documents\My Projects\STM32Primer\Projects\STM32ECG\src/Application.c:199
  6a:	6833      	ldr	r3, [r6, #0]
  6c:	2008      	movs	r0, #8
  6e:	f8d3 3110 	ldr.w	r3, [r3, #272]
  72:	4798      	blx	r3
C:\Documents and Settings\Jingxi\My Documents\My Projects\STM32Primer\Projects\STM32ECG\src/Application.c:201
  74:	6833      	ldr	r3, [r6, #0]
  76:	2037      	movs	r0, #55
  78:	f8d3 310c 	ldr.w	r3, [r3, #268]
  7c:	4798      	blx	r3
C:\Documents and Settings\Jingxi\My Documents\My Projects\STM32Primer\Projects\STM32ECG\src/Application.c:202
  7e:	6833      	ldr	r3, [r6, #0]
  80:	f9b7 0000 	ldrsh.w	r0, [r7]
  84:	f8d3 3110 	ldr.w	r3, [r3, #272]
  88:	300f      	adds	r0, #15
C:\Documents and Settings\Jingxi\My Documents\My Projects\STM32Primer\Projects\STM32ECG\src/Application.c:210
  8a:	4d34      	ldr	r5, [pc, #208]	(15c <Application_Handler+0x15c>)
C:\Documents and Settings\Jingxi\My Documents\My Projects\STM32Primer\Projects\STM32ECG\src/Application.c:202
  8c:	4798      	blx	r3
C:\Documents and Settings\Jingxi\My Documents\My Projects\STM32Primer\Projects\STM32ECG\src/Application.c:204
  8e:	f9b7 0000 	ldrsh.w	r0, [r7]
  92:	f7ff fffe 	bl	0 <Application_Handler>
C:\Documents and Settings\Jingxi\My Documents\My Projects\STM32Primer\Projects\STM32ECG\src/Application.c:207
  96:	f7ff fffe 	bl	0 <Application_Handler>
C:\Documents and Settings\Jingxi\My Documents\My Projects\STM32Primer\Projects\STM32ECG\src/Application.c:210
  9a:	786b      	ldrb	r3, [r5, #1]
  9c:	b153      	cbz	r3, b4 <Application_Handler+0xb4>
C:\Documents and Settings\Jingxi\My Documents\My Projects\STM32Primer\Projects\STM32ECG\src/Application.c:211
  9e:	6832      	ldr	r2, [r6, #0]
  a0:	23f8      	movs	r3, #248
  a2:	f9b7 0000 	ldrsh.w	r0, [r7]
  a6:	9300      	str	r3, [sp, #0]
  a8:	f8d2 4118 	ldr.w	r4, [r2, #280]
  ac:	2141      	movs	r1, #65
  ae:	220f      	movs	r2, #15
  b0:	2301      	movs	r3, #1
  b2:	47a0      	blx	r4
C:\Documents and Settings\Jingxi\My Documents\My Projects\STM32Primer\Projects\STM32ECG\src/Application.c:212
  b4:	786b      	ldrb	r3, [r5, #1]
C:\Documents and Settings\Jingxi\My Documents\My Projects\STM32Primer\Projects\STM32ECG\src/Application.c:218
  b6:	482a      	ldr	r0, [pc, #168]	(160 <Application_Handler+0x160>)
C:\Documents and Settings\Jingxi\My Documents\My Projects\STM32Primer\Projects\STM32ECG\src/Application.c:212
  b8:	f1d3 0301 	rsbs	r3, r3, #1	; 0x1
  bc:	bf38      	it	cc
  be:	2300      	movcc	r3, #0
  c0:	706b      	strb	r3, [r5, #1]
C:\Documents and Settings\Jingxi\My Documents\My Projects\STM32Primer\Projects\STM32ECG\src/Application.c:214
  c2:	883b      	ldrh	r3, [r7, #0]
  c4:	330f      	adds	r3, #15
  c6:	b29a      	uxth	r2, r3
C:\Documents and Settings\Jingxi\My Documents\My Projects\STM32Primer\Projects\STM32ECG\src/Application.c:215
  c8:	b213      	sxth	r3, r2
  ca:	2b77      	cmp	r3, #119
C:\Documents and Settings\Jingxi\My Documents\My Projects\STM32Primer\Projects\STM32ECG\src/Application.c:216
  cc:	bfc8      	it	gt
  ce:	f1a2 0378 	subgt.w	r3, r2, #120	; 0x78
C:\Documents and Settings\Jingxi\My Documents\My Projects\STM32Primer\Projects\STM32ECG\src/Application.c:214
  d2:	803a      	strh	r2, [r7, #0]
C:\Documents and Settings\Jingxi\My Documents\My Projects\STM32Primer\Projects\STM32ECG\src/Application.c:216
  d4:	bfc8      	it	gt
  d6:	803b      	strhgt	r3, [r7, #0]
C:\Documents and Settings\Jingxi\My Documents\My Projects\STM32Primer\Projects\STM32ECG\src/Application.c:218
  d8:	6833      	ldr	r3, [r6, #0]
  da:	2202      	movs	r2, #2
  dc:	f8d3 42c8 	ldr.w	r4, [r3, #712]
  e0:	4b20      	ldr	r3, [pc, #128]	(164 <Application_Handler+0x164>)
  e2:	7819      	ldrb	r1, [r3, #0]
  e4:	2300      	movs	r3, #0
  e6:	47a0      	blx	r4
C:\Documents and Settings\Jingxi\My Documents\My Projects\STM32Primer\Projects\STM32ECG\src/Application.c:219
  e8:	6833      	ldr	r3, [r6, #0]
  ea:	f9b7 0000 	ldrsh.w	r0, [r7]
  ee:	f8d3 409c 	ldr.w	r4, [r3, #156]
  f2:	216f      	movs	r1, #111
  f4:	2302      	movs	r3, #2
  f6:	4a1a      	ldr	r2, [pc, #104]	(160 <Application_Handler+0x160>)
  f8:	47a0      	blx	r4
C:\Documents and Settings\Jingxi\My Documents\My Projects\STM32Primer\Projects\STM32ECG\src/Application.c:221
  fa:	2300      	movs	r3, #0
  fc:	f8c8 3000 	str.w	r3, [r8]
C:\Documents and Settings\Jingxi\My Documents\My Projects\STM32Primer\Projects\STM32ECG\src/Application.c:224
 100:	4d14      	ldr	r5, [pc, #80]	(154 <Application_Handler+0x154>)
 102:	682b      	ldr	r3, [r5, #0]
 104:	f8d3 3200 	ldr.w	r3, [r3, #512]
 108:	4798      	blx	r3
 10a:	b244      	sxtb	r4, r0
 10c:	2c01      	cmp	r4, #1
 10e:	d001      	beq.n	114 <Application_Handler+0x114>
 110:	2001      	movs	r0, #1
 112:	e01c      	b.n	14e <Application_Handler+0x14e>
C:\Documents and Settings\Jingxi\My Documents\My Projects\STM32Primer\Projects\STM32ECG\src/Application.c:226
 114:	682b      	ldr	r3, [r5, #0]
 116:	f8d3 320c 	ldr.w	r3, [r3, #524]
 11a:	4798      	blx	r3
C:\Documents and Settings\Jingxi\My Documents\My Projects\STM32Primer\Projects\STM32ECG\src/Application.c:227
 11c:	682b      	ldr	r3, [r5, #0]
 11e:	4620      	mov	r0, r4
 120:	f8d3 3204 	ldr.w	r3, [r3, #516]
 124:	4798      	blx	r3
C:\Documents and Settings\Jingxi\My Documents\My Projects\STM32Primer\Projects\STM32ECG\src/Application.c:230
 126:	f7ff fffe 	bl	0 <ECGReset>
C:\Documents and Settings\Jingxi\My Documents\My Projects\STM32Primer\Projects\STM32ECG\src/Application.c:232
 12a:	682b      	ldr	r3, [r5, #0]
 12c:	2013      	movs	r0, #19
 12e:	f8d3 310c 	ldr.w	r3, [r3, #268]
 132:	4798      	blx	r3
C:\Documents and Settings\Jingxi\My Documents\My Projects\STM32Primer\Projects\STM32ECG\src/Application.c:235
 134:	f7ff fffe 	bl	0 <USB_Interrupts_Stop>
C:\Documents and Settings\Jingxi\My Documents\My Projects\STM32Primer\Projects\STM32ECG\src/Application.c:238
 138:	682b      	ldr	r3, [r5, #0]
 13a:	2090      	movs	r0, #144
 13c:	f8d3 22e4 	ldr.w	r2, [r3, #740]
 140:	4b09      	ldr	r3, [pc, #36]	(168 <Application_Handler+0x168>)
 142:	6819      	ldr	r1, [r3, #0]
 144:	4790      	blx	r2
C:\Documents and Settings\Jingxi\My Documents\My Projects\STM32Primer\Projects\STM32ECG\src/Application.c:239
 146:	682b      	ldr	r3, [r5, #0]
 148:	f8d3 32a8 	ldr.w	r3, [r3, #680]
 14c:	4798      	blx	r3
C:\Documents and Settings\Jingxi\My Documents\My Projects\STM32Primer\Projects\STM32ECG\src/Application.c:243
 14e:	e8bd 81fc 	ldmia.w	sp!, {r2, r3, r4, r5, r6, r7, r8, pc}
 152:	46c0      	nop			(mov r8, r8)
	...
Disassembly of section .text.Application_Ini:

00000000 <Application_Ini>:
Application_Ini():
C:\Documents and Settings\Jingxi\My Documents\My Projects\STM32Primer\Projects\STM32ECG\src/Application.c:133
   0:	b510      	push	{r4, lr}
C:\Documents and Settings\Jingxi\My Documents\My Projects\STM32Primer\Projects\STM32ECG\src/Application.c:134
   2:	4c21      	ldr	r4, [pc, #132]	(88 <Application_Ini+0x88>)
   4:	6823      	ldr	r3, [r4, #0]
   6:	f8d3 32d0 	ldr.w	r3, [r3, #720]
   a:	4798      	blx	r3
   c:	491f      	ldr	r1, [pc, #124]	(8c <Application_Ini+0x8c>)
   e:	f7ff fffe 	bl	0 <strcmp>
  12:	2800      	cmp	r0, #0
  14:	da02      	bge.n	1c <Application_Ini+0x1c>
C:\Documents and Settings\Jingxi\My Documents\My Projects\STM32Primer\Projects\STM32ECG\src/Application.c:136
  16:	f7ff fffe 	bl	0 <Application_Ini>
  1a:	e034      	b.n	86 <Application_Ini+0x86>
C:\Documents and Settings\Jingxi\My Documents\My Projects\STM32Primer\Projects\STM32ECG\src/Application.c:139
  1c:	6823      	ldr	r3, [r4, #0]
  1e:	2005      	movs	r0, #5
  20:	f8d3 32c0 	ldr.w	r3, [r3, #704]
  24:	4798      	blx	r3
C:\Documents and Settings\Jingxi\My Documents\My Projects\STM32Primer\Projects\STM32ECG\src/Application.c:142
  26:	f7ff fffe 	bl	0 <ECGInit>
C:\Documents and Settings\Jingxi\My Documents\My Projects\STM32Primer\Projects\STM32ECG\src/Application.c:143
  2a:	4b19      	ldr	r3, [pc, #100]	(90 <Application_Ini+0x90>)
  2c:	f04f 0240 	mov.w	r2, #64	; 0x40
  30:	801a      	strh	r2, [r3, #0]
C:\Documents and Settings\Jingxi\My Documents\My Projects\STM32Primer\Projects\STM32ECG\src/Application.c:144
  32:	4b18      	ldr	r3, [pc, #96]	(94 <Application_Ini+0x94>)
  34:	f04f 0200 	mov.w	r2, #0	; 0x0
  38:	801a      	strh	r2, [r3, #0]
C:\Documents and Settings\Jingxi\My Documents\My Projects\STM32Primer\Projects\STM32ECG\src/Application.c:146
  3a:	6823      	ldr	r3, [r4, #0]
  3c:	2003      	movs	r0, #3
  3e:	f8d3 3138 	ldr.w	r3, [r3, #312]
  42:	4798      	blx	r3
C:\Documents and Settings\Jingxi\My Documents\My Projects\STM32Primer\Projects\STM32ECG\src/Application.c:149
  44:	4a14      	ldr	r2, [pc, #80]	(98 <Application_Ini+0x98>)
  46:	233f      	movs	r3, #63
  48:	6113      	str	r3, [r2, #16]
  4a:	60d3      	str	r3, [r2, #12]
  4c:	6093      	str	r3, [r2, #8]
  4e:	6053      	str	r3, [r2, #4]
  50:	6013      	str	r3, [r2, #0]
C:\Documents and Settings\Jingxi\My Documents\My Projects\STM32Primer\Projects\STM32ECG\src/Application.c:150
  52:	4a12      	ldr	r2, [pc, #72]	(9c <Application_Ini+0x9c>)
C:\Documents and Settings\Jingxi\My Documents\My Projects\STM32Primer\Projects\STM32ECG\src/Application.c:153
  54:	2090      	movs	r0, #144
C:\Documents and Settings\Jingxi\My Documents\My Projects\STM32Primer\Projects\STM32ECG\src/Application.c:150
  56:	6113      	str	r3, [r2, #16]
  58:	60d3      	str	r3, [r2, #12]
  5a:	6093      	str	r3, [r2, #8]
  5c:	6053      	str	r3, [r2, #4]
  5e:	6013      	str	r3, [r2, #0]
C:\Documents and Settings\Jingxi\My Documents\My Projects\STM32Primer\Projects\STM32ECG\src/Application.c:153
  60:	6823      	ldr	r3, [r4, #0]
  62:	f8d3 32e8 	ldr.w	r3, [r3, #744]
  66:	4798      	blx	r3
  68:	4b0d      	ldr	r3, [pc, #52]	(a0 <Application_Ini+0xa0>)
C:\Documents and Settings\Jingxi\My Documents\My Projects\STM32Primer\Projects\STM32ECG\src/Application.c:154
  6a:	490e      	ldr	r1, [pc, #56]	(a4 <Application_Ini+0xa4>)
C:\Documents and Settings\Jingxi\My Documents\My Projects\STM32Primer\Projects\STM32ECG\src/Application.c:153
  6c:	6018      	str	r0, [r3, #0]
C:\Documents and Settings\Jingxi\My Documents\My Projects\STM32Primer\Projects\STM32ECG\src/Application.c:154
  6e:	6823      	ldr	r3, [r4, #0]
  70:	2090      	movs	r0, #144
  72:	f8d3 32e4 	ldr.w	r3, [r3, #740]
  76:	4798      	blx	r3
C:\Documents and Settings\Jingxi\My Documents\My Projects\STM32Primer\Projects\STM32ECG\src/Application.c:159
  78:	f7ff fffe 	bl	0 <USB_Interrupts_Config>
C:\Documents and Settings\Jingxi\My Documents\My Projects\STM32Primer\Projects\STM32ECG\src/Application.c:160
  7c:	f7ff fffe 	bl	0 <Set_USBClock>
C:\Documents and Settings\Jingxi\My Documents\My Projects\STM32Primer\Projects\STM32ECG\src/Application.c:161
  80:	f7ff fffe 	bl	0 <USB_Init>
  84:	2004      	movs	r0, #4
C:\Documents and Settings\Jingxi\My Documents\My Projects\STM32Primer\Projects\STM32ECG\src/Application.c:164
  86:	bd10      	pop	{r4, pc}
  88:	00000000 	.word	0x00000000
  8c:	00000009 	.word	0x00000009
	...
