
C:\Documents and Settings\Jingxi\My Documents\My Projects\STM32Primer\Projects\STM32ECG\objdebug\usb_istr.o:     file format elf32-littlearm
C:\Documents and Settings\Jingxi\My Documents\My Projects\STM32Primer\Projects\STM32ECG\objdebug\usb_istr.o

Disassembly of section .text.USB_Istr:

00000000 <USB_Istr>:
USB_Istr():
C:\Documents and Settings\Jingxi\My Documents\My Projects\STM32Primer\Projects\STM32ECG\src/usb_istr.c:68
   0:	b570      	push	{r4, r5, r6, lr}
C:\Documents and Settings\Jingxi\My Documents\My Projects\STM32Primer\Projects\STM32ECG\src/usb_istr.c:70
   2:	4d31      	ldr	r5, [pc, #196]	(c8 <USB_Istr+0xc8>)
   4:	4c31      	ldr	r4, [pc, #196]	(cc <USB_Istr+0xcc>)
   6:	682b      	ldr	r3, [r5, #0]
C:\Documents and Settings\Jingxi\My Documents\My Projects\STM32Primer\Projects\STM32ECG\src/usb_istr.c:73
   8:	4e31      	ldr	r6, [pc, #196]	(d0 <USB_Istr+0xd0>)
C:\Documents and Settings\Jingxi\My Documents\My Projects\STM32Primer\Projects\STM32ECG\src/usb_istr.c:70
   a:	b29b      	uxth	r3, r3
   c:	8023      	strh	r3, [r4, #0]
C:\Documents and Settings\Jingxi\My Documents\My Projects\STM32Primer\Projects\STM32ECG\src/usb_istr.c:73
   e:	8822      	ldrh	r2, [r4, #0]
  10:	8833      	ldrh	r3, [r6, #0]
  12:	4013      	ands	r3, r2
  14:	f413 6f80 	tst.w	r3, #1024	; 0x400
  18:	d005      	beq.n	26 <USB_Istr+0x26>
C:\Documents and Settings\Jingxi\My Documents\My Projects\STM32Primer\Projects\STM32ECG\src/usb_istr.c:75
  1a:	f64f 33ff 	movw	r3, #64511	; 0xfbff
  1e:	602b      	str	r3, [r5, #0]
C:\Documents and Settings\Jingxi\My Documents\My Projects\STM32Primer\Projects\STM32ECG\src/usb_istr.c:76
  20:	4b2c      	ldr	r3, [pc, #176]	(d4 <USB_Istr+0xd4>)
  22:	685b      	ldr	r3, [r3, #4]
  24:	4798      	blx	r3
C:\Documents and Settings\Jingxi\My Documents\My Projects\STM32Primer\Projects\STM32ECG\src/usb_istr.c:94
  26:	8823      	ldrh	r3, [r4, #0]
  28:	8832      	ldrh	r2, [r6, #0]
  2a:	ea02 0303 	and.w	r3, r2, r3
  2e:	f413 5f00 	tst.w	r3, #8192	; 0x2000
C:\Documents and Settings\Jingxi\My Documents\My Projects\STM32Primer\Projects\STM32ECG\src/usb_istr.c:96
  32:	bf1c      	itt	ne
  34:	f64d 73ff 	movwne	r3, #57343	; 0xdfff
  38:	602b      	strne	r3, [r5, #0]
C:\Documents and Settings\Jingxi\My Documents\My Projects\STM32Primer\Projects\STM32ECG\src/usb_istr.c:104
  3a:	8823      	ldrh	r3, [r4, #0]
  3c:	ea02 0303 	and.w	r3, r2, r3
  40:	f413 5f80 	tst.w	r3, #4096	; 0x1000
  44:	d005      	beq.n	52 <USB_Istr+0x52>
C:\Documents and Settings\Jingxi\My Documents\My Projects\STM32Primer\Projects\STM32ECG\src/usb_istr.c:106
  46:	f64e 73ff 	movw	r3, #61439	; 0xefff
  4a:	602b      	str	r3, [r5, #0]
C:\Documents and Settings\Jingxi\My Documents\My Projects\STM32Primer\Projects\STM32ECG\src/usb_istr.c:107
  4c:	2000      	movs	r0, #0
  4e:	f7ff fffe 	bl	0 <Resume>
C:\Documents and Settings\Jingxi\My Documents\My Projects\STM32Primer\Projects\STM32ECG\src/usb_istr.c:115
  52:	8822      	ldrh	r2, [r4, #0]
  54:	8833      	ldrh	r3, [r6, #0]
  56:	4013      	ands	r3, r2
  58:	f413 6f00 	tst.w	r3, #2048	; 0x800
  5c:	d00c      	beq.n	78 <USB_Istr+0x78>
C:\Documents and Settings\Jingxi\My Documents\My Projects\STM32Primer\Projects\STM32ECG\src/usb_istr.c:119
  5e:	4b1e      	ldr	r3, [pc, #120]	(d8 <USB_Istr+0xd8>)
  60:	781b      	ldrb	r3, [r3, #0]
  62:	b113      	cbz	r3, 6a <USB_Istr+0x6a>
C:\Documents and Settings\Jingxi\My Documents\My Projects\STM32Primer\Projects\STM32ECG\src/usb_istr.c:121
  64:	f7ff fffe 	bl	0 <Suspend>
  68:	e002      	b.n	70 <USB_Istr+0x70>
C:\Documents and Settings\Jingxi\My Documents\My Projects\STM32Primer\Projects\STM32ECG\src/usb_istr.c:126
  6a:	2002      	movs	r0, #2
  6c:	f7ff fffe 	bl	0 <Resume>
C:\Documents and Settings\Jingxi\My Documents\My Projects\STM32Primer\Projects\STM32ECG\src/usb_istr.c:129
  70:	4b15      	ldr	r3, [pc, #84]	(c8 <USB_Istr+0xc8>)
  72:	f24f 72ff 	movw	r2, #63487	; 0xf7ff
  76:	601a      	str	r2, [r3, #0]
C:\Documents and Settings\Jingxi\My Documents\My Projects\STM32Primer\Projects\STM32ECG\src/usb_istr.c:137
  78:	4c14      	ldr	r4, [pc, #80]	(cc <USB_Istr+0xcc>)
  7a:	4d15      	ldr	r5, [pc, #84]	(d0 <USB_Istr+0xd0>)
  7c:	8823      	ldrh	r3, [r4, #0]
  7e:	8829      	ldrh	r1, [r5, #0]
  80:	ea01 0303 	and.w	r3, r1, r3
  84:	f413 7f00 	tst.w	r3, #512	; 0x200
  88:	d008      	beq.n	9c <USB_Istr+0x9c>
C:\Documents and Settings\Jingxi\My Documents\My Projects\STM32Primer\Projects\STM32ECG\src/usb_istr.c:139
  8a:	4b0f      	ldr	r3, [pc, #60]	(c8 <USB_Istr+0xc8>)
  8c:	f64f 52ff 	movw	r2, #65023	; 0xfdff
  90:	601a      	str	r2, [r3, #0]
C:\Documents and Settings\Jingxi\My Documents\My Projects\STM32Primer\Projects\STM32ECG\src/usb_istr.c:140
  92:	4a12      	ldr	r2, [pc, #72]	(dc <USB_Istr+0xdc>)
  94:	7813      	ldrb	r3, [r2, #0]
  96:	3301      	adds	r3, #1
  98:	b2db      	uxtb	r3, r3
  9a:	7013      	strb	r3, [r2, #0]
C:\Documents and Settings\Jingxi\My Documents\My Projects\STM32Primer\Projects\STM32ECG\src/usb_istr.c:149
  9c:	8823      	ldrh	r3, [r4, #0]
  9e:	ea01 0303 	and.w	r3, r1, r3
  a2:	f413 7f80 	tst.w	r3, #256	; 0x100
  a6:	d006      	beq.n	b6 <USB_Istr+0xb6>
C:\Documents and Settings\Jingxi\My Documents\My Projects\STM32Primer\Projects\STM32ECG\src/usb_istr.c:151
  a8:	4b07      	ldr	r3, [pc, #28]	(c8 <USB_Istr+0xc8>)
  aa:	f64f 62ff 	movw	r2, #65279	; 0xfeff
  ae:	601a      	str	r2, [r3, #0]
C:\Documents and Settings\Jingxi\My Documents\My Projects\STM32Primer\Projects\STM32ECG\src/usb_istr.c:153
  b0:	2007      	movs	r0, #7
  b2:	f7ff fffe 	bl	0 <Resume>
C:\Documents and Settings\Jingxi\My Documents\My Projects\STM32Primer\Projects\STM32ECG\src/usb_istr.c:162
  b6:	8822      	ldrh	r2, [r4, #0]
  b8:	882b      	ldrh	r3, [r5, #0]
  ba:	4013      	ands	r3, r2
  bc:	f413 4f00 	tst.w	r3, #32768	; 0x8000
  c0:	d001      	beq.n	6 <CTR_LP+0x6>
C:\Documents and Settings\Jingxi\My Documents\My Projects\STM32Primer\Projects\STM32ECG\src/usb_istr.c:166
  c2:	f7ff fffe 	bl	0 <CTR_LP>
C:\Documents and Settings\Jingxi\My Documents\My Projects\STM32Primer\Projects\STM32ECG\src/usb_istr.c:172
  c6:	bd70      	pop	{r4, r5, r6, pc}
  c8:	40005c44 	.word	0x40005c44
	...
