
C:\Documents and Settings\Jingxi\My Documents\My Projects\STM32Primer\Projects\STM32ECG\objdebug\usb_prop.o:     file format elf32-littlearm
C:\Documents and Settings\Jingxi\My Documents\My Projects\STM32Primer\Projects\STM32ECG\objdebug\usb_prop.o

Disassembly of section .text.ECG_Status_In:

00000000 <ECG_Status_In>:
ECG_Status_In():
C:\Documents and Settings\Jingxi\My Documents\My Projects\STM32Primer\Projects\STM32ECG\src/usb_prop.c:179
   0:	4770      	bx	lr
   2:	46c0      	nop			(mov r8, r8)
Disassembly of section .text.ECG_Status_Out:

00000000 <ECG_Status_Out>:
ECG_Status_Out():
C:\Documents and Settings\Jingxi\My Documents\My Projects\STM32Primer\Projects\STM32ECG\src/usb_prop.c:190
   0:	4770      	bx	lr
   2:	46c0      	nop			(mov r8, r8)
Disassembly of section .text.ECG_Data_Setup:

00000000 <ECG_Data_Setup>:
ECG_Data_Setup():
C:\Documents and Settings\Jingxi\My Documents\My Projects\STM32Primer\Projects\STM32ECG\src/usb_prop.c:201
   0:	2806      	cmp	r0, #6
   2:	b510      	push	{r4, lr}
C:\Documents and Settings\Jingxi\My Documents\My Projects\STM32Primer\Projects\STM32ECG\src/usb_prop.c:206
   4:	d110      	bne.n	28 <ECG_Data_Setup+0x28>
   6:	4b14      	ldr	r3, [pc, #80]	(58 <ECG_Data_Setup+0x58>)
   8:	681a      	ldr	r2, [r3, #0]
   a:	7813      	ldrb	r3, [r2, #0]
   c:	f003 037f 	and.w	r3, r3, #127	; 0x7f
  10:	2b01      	cmp	r3, #1
  12:	d109      	bne.n	28 <ECG_Data_Setup+0x28>
  14:	7953      	ldrb	r3, [r2, #5]
  16:	b93b      	cbnz	r3, 28 <ECG_Data_Setup+0x28>
C:\Documents and Settings\Jingxi\My Documents\My Projects\STM32Primer\Projects\STM32ECG\src/usb_prop.c:211
  18:	7893      	ldrb	r3, [r2, #2]
  1a:	2b22      	cmp	r3, #34
  1c:	d101      	bne.n	22 <ECG_Data_Setup+0x22>
  1e:	4a0f      	ldr	r2, [pc, #60]	(5c <ECG_Data_Setup+0x5c>)
  20:	e010      	b.n	44 <ECG_Data_Setup+0x44>
C:\Documents and Settings\Jingxi\My Documents\My Projects\STM32Primer\Projects\STM32ECG\src/usb_prop.c:215
  22:	2b21      	cmp	r3, #33
  24:	d00d      	beq.n	42 <ECG_Data_Setup+0x42>
  26:	e00a      	b.n	3e <ECG_Data_Setup+0x3e>
C:\Documents and Settings\Jingxi\My Documents\My Projects\STM32Primer\Projects\STM32ECG\src/usb_prop.c:223
  28:	4b0b      	ldr	r3, [pc, #44]	(58 <ECG_Data_Setup+0x58>)
  2a:	681b      	ldr	r3, [r3, #0]
  2c:	781b      	ldrb	r3, [r3, #0]
  2e:	f003 037f 	and.w	r3, r3, #127	; 0x7f
  32:	2b21      	cmp	r3, #33
  34:	d103      	bne.n	3e <ECG_Data_Setup+0x3e>
  36:	2803      	cmp	r0, #3
  38:	d101      	bne.n	3e <ECG_Data_Setup+0x3e>
  3a:	4a09      	ldr	r2, [pc, #36]	(60 <ECG_Data_Setup+0x60>)
  3c:	e002      	b.n	44 <ECG_Data_Setup+0x44>
  3e:	2002      	movs	r0, #2
  40:	e009      	b.n	56 <ECG_Data_Setup+0x56>
  42:	4a08      	ldr	r2, [pc, #32]	(64 <ECG_Data_Setup+0x64>)
C:\Documents and Settings\Jingxi\My Documents\My Projects\STM32Primer\Projects\STM32ECG\src/usb_prop.c:234
  44:	4b04      	ldr	r3, [pc, #16]	(58 <ECG_Data_Setup+0x58>)
C:\Documents and Settings\Jingxi\My Documents\My Projects\STM32Primer\Projects\STM32ECG\src/usb_prop.c:235
  46:	f04f 0100 	mov.w	r1, #0	; 0x0
C:\Documents and Settings\Jingxi\My Documents\My Projects\STM32Primer\Projects\STM32ECG\src/usb_prop.c:234
  4a:	681b      	ldr	r3, [r3, #0]
C:\Documents and Settings\Jingxi\My Documents\My Projects\STM32Primer\Projects\STM32ECG\src/usb_prop.c:236
  4c:	2000      	movs	r0, #0
C:\Documents and Settings\Jingxi\My Documents\My Projects\STM32Primer\Projects\STM32ECG\src/usb_prop.c:234
  4e:	619a      	str	r2, [r3, #24]
C:\Documents and Settings\Jingxi\My Documents\My Projects\STM32Primer\Projects\STM32ECG\src/usb_prop.c:235
  50:	8259      	strh	r1, [r3, #18]
C:\Documents and Settings\Jingxi\My Documents\My Projects\STM32Primer\Projects\STM32ECG\src/usb_prop.c:236
  52:	4790      	blx	r2
  54:	2000      	movs	r0, #0
C:\Documents and Settings\Jingxi\My Documents\My Projects\STM32Primer\Projects\STM32ECG\src/usb_prop.c:238
  56:	bd10      	pop	{r4, pc}
	...
Disassembly of section .text.ECG_Get_Interface_Setting:

00000000 <ECG_Get_Interface_Setting>:
ECG_Get_Interface_Setting():
C:\Documents and Settings\Jingxi\My Documents\My Projects\STM32Primer\Projects\STM32ECG\src/usb_prop.c:332
   0:	b901      	cbnz	r1, 4 <ECG_Get_Interface_Setting+0x4>
C:\Documents and Settings\Jingxi\My Documents\My Projects\STM32Primer\Projects\STM32ECG\src/usb_prop.c:337
   2:	b100      	cbz	r0, 6 <ECG_Get_Interface_Setting+0x6>
   4:	2002      	movs	r0, #2
C:\Documents and Settings\Jingxi\My Documents\My Projects\STM32Primer\Projects\STM32ECG\src/usb_prop.c:342
   6:	4770      	bx	lr
Disassembly of section .text.ECG_SetProtocol:

00000000 <ECG_SetProtocol>:
ECG_SetProtocol():
C:\Documents and Settings\Jingxi\My Documents\My Projects\STM32Primer\Projects\STM32ECG\src/usb_prop.c:352
   0:	4b03      	ldr	r3, [pc, #12]	(10 <ECG_SetProtocol+0x10>)
C:\Documents and Settings\Jingxi\My Documents\My Projects\STM32Primer\Projects\STM32ECG\src/usb_prop.c:356
   2:	2000      	movs	r0, #0
C:\Documents and Settings\Jingxi\My Documents\My Projects\STM32Primer\Projects\STM32ECG\src/usb_prop.c:354
   4:	681b      	ldr	r3, [r3, #0]
C:\Documents and Settings\Jingxi\My Documents\My Projects\STM32Primer\Projects\STM32ECG\src/usb_prop.c:352
   6:	78da      	ldrb	r2, [r3, #3]
   8:	4b02      	ldr	r3, [pc, #8]	(14 <ECG_SetProtocol+0x14>)
   a:	601a      	str	r2, [r3, #0]
C:\Documents and Settings\Jingxi\My Documents\My Projects\STM32Primer\Projects\STM32ECG\src/usb_prop.c:356
   c:	4770      	bx	lr
   e:	46c0      	nop			(mov r8, r8)
	...
Disassembly of section .text.ECG_NoData_Setup:

00000000 <ECG_NoData_Setup>:
ECG_NoData_Setup():
C:\Documents and Settings\Jingxi\My Documents\My Projects\STM32Primer\Projects\STM32ECG\src/usb_prop.c:248
   0:	b510      	push	{r4, lr}
C:\Documents and Settings\Jingxi\My Documents\My Projects\STM32Primer\Projects\STM32ECG\src/usb_prop.c:249
   2:	4b07      	ldr	r3, [pc, #28]	(20 <ECG_NoData_Setup+0x20>)
   4:	681b      	ldr	r3, [r3, #0]
   6:	781b      	ldrb	r3, [r3, #0]
   8:	f003 037f 	and.w	r3, r3, #127	; 0x7f
   c:	2b21      	cmp	r3, #33
   e:	d104      	bne.n	1a <ECG_NoData_Setup+0x1a>
  10:	280b      	cmp	r0, #11
  12:	d102      	bne.n	1a <ECG_NoData_Setup+0x1a>
C:\Documents and Settings\Jingxi\My Documents\My Projects\STM32Primer\Projects\STM32ECG\src/usb_prop.c:252
  14:	f7ff fffe 	bl	0 <ECG_NoData_Setup>
  18:	e000      	b.n	1c <ECG_NoData_Setup+0x1c>
  1a:	2002      	movs	r0, #2
C:\Documents and Settings\Jingxi\My Documents\My Projects\STM32Primer\Projects\STM32ECG\src/usb_prop.c:259
  1c:	bd10      	pop	{r4, pc}
  1e:	46c0      	nop			(mov r8, r8)
  20:	00000000 	.word	0x00000000
Disassembly of section .text.ECG_GetProtocolValue:

00000000 <ECG_GetProtocolValue>:
ECG_GetProtocolValue():
C:\Documents and Settings\Jingxi\My Documents\My Projects\STM32Primer\Projects\STM32ECG\src/usb_prop.c:366
   0:	b928      	cbnz	r0, e <ECG_GetProtocolValue+0xe>
C:\Documents and Settings\Jingxi\My Documents\My Projects\STM32Primer\Projects\STM32ECG\src/usb_prop.c:369
   2:	4b04      	ldr	r3, [pc, #16]	(14 <ECG_GetProtocolValue+0x14>)
   4:	f04f 0101 	mov.w	r1, #1	; 0x1
   8:	681b      	ldr	r3, [r3, #0]
   a:	8219      	strh	r1, [r3, #16]
C:\Documents and Settings\Jingxi\My Documents\My Projects\STM32Primer\Projects\STM32ECG\src/usb_prop.c:370
   c:	e000      	b.n	10 <ECG_GetProtocolValue+0x10>
C:\Documents and Settings\Jingxi\My Documents\My Projects\STM32Primer\Projects\STM32ECG\src/usb_prop.c:374
   e:	4802      	ldr	r0, [pc, #8]	(18 <ECG_GetProtocolValue+0x18>)
C:\Documents and Settings\Jingxi\My Documents\My Projects\STM32Primer\Projects\STM32ECG\src/usb_prop.c:376
  10:	4770      	bx	lr
  12:	46c0      	nop			(mov r8, r8)
	...
Disassembly of section .text.ECG_GetHIDDescriptor:

00000000 <ECG_GetHIDDescriptor>:
ECG_GetHIDDescriptor():
C:\Documents and Settings\Jingxi\My Documents\My Projects\STM32Primer\Projects\STM32ECG\src/usb_prop.c:318
   0:	b510      	push	{r4, lr}
C:\Documents and Settings\Jingxi\My Documents\My Projects\STM32Primer\Projects\STM32ECG\src/usb_prop.c:319
   2:	4902      	ldr	r1, [pc, #8]	(c <ECG_GetHIDDescriptor+0xc>)
   4:	f7ff fffe 	bl	0 <Standard_GetDescriptorData>
C:\Documents and Settings\Jingxi\My Documents\My Projects\STM32Primer\Projects\STM32ECG\src/usb_prop.c:320
   8:	bd10      	pop	{r4, pc}
   a:	46c0      	nop			(mov r8, r8)
   c:	00000000 	.word	0x00000000
Disassembly of section .text.ECG_GetReportDescriptor:

00000000 <ECG_GetReportDescriptor>:
ECG_GetReportDescriptor():
C:\Documents and Settings\Jingxi\My Documents\My Projects\STM32Primer\Projects\STM32ECG\src/usb_prop.c:306
   0:	b510      	push	{r4, lr}
C:\Documents and Settings\Jingxi\My Documents\My Projects\STM32Primer\Projects\STM32ECG\src/usb_prop.c:307
   2:	4902      	ldr	r1, [pc, #8]	(c <ECG_GetReportDescriptor+0xc>)
   4:	f7ff fffe 	bl	0 <Standard_GetDescriptorData>
C:\Documents and Settings\Jingxi\My Documents\My Projects\STM32Primer\Projects\STM32ECG\src/usb_prop.c:308
   8:	bd10      	pop	{r4, pc}
   a:	46c0      	nop			(mov r8, r8)
   c:	00000008 	.word	0x00000008
Disassembly of section .text.ECG_GetStringDescriptor:

00000000 <ECG_GetStringDescriptor>:
ECG_GetStringDescriptor():
C:\Documents and Settings\Jingxi\My Documents\My Projects\STM32Primer\Projects\STM32ECG\src/usb_prop.c:293
   0:	b510      	push	{r4, lr}
C:\Documents and Settings\Jingxi\My Documents\My Projects\STM32Primer\Projects\STM32ECG\src/usb_prop.c:295
   2:	4b04      	ldr	r3, [pc, #16]	(14 <ECG_GetStringDescriptor+0x14>)
   4:	4904      	ldr	r1, [pc, #16]	(18 <ECG_GetStringDescriptor+0x18>)
   6:	681b      	ldr	r3, [r3, #0]
   8:	78db      	ldrb	r3, [r3, #3]
   a:	eb01 01c3 	add.w	r1, r1, r3, lsl #3
   e:	f7ff fffe 	bl	0 <Standard_GetDescriptorData>
C:\Documents and Settings\Jingxi\My Documents\My Projects\STM32Primer\Projects\STM32ECG\src/usb_prop.c:296
  12:	bd10      	pop	{r4, pc}
  14:	00000000 	.word	0x00000000
  18:	00000010 	.word	0x00000010
Disassembly of section .text.ECG_GetConfigDescriptor:

00000000 <ECG_GetConfigDescriptor>:
ECG_GetConfigDescriptor():
C:\Documents and Settings\Jingxi\My Documents\My Projects\STM32Primer\Projects\STM32ECG\src/usb_prop.c:281
   0:	b510      	push	{r4, lr}
C:\Documents and Settings\Jingxi\My Documents\My Projects\STM32Primer\Projects\STM32ECG\src/usb_prop.c:282
   2:	4902      	ldr	r1, [pc, #8]	(c <ECG_GetConfigDescriptor+0xc>)
   4:	f7ff fffe 	bl	0 <Standard_GetDescriptorData>
C:\Documents and Settings\Jingxi\My Documents\My Projects\STM32Primer\Projects\STM32ECG\src/usb_prop.c:283
   8:	bd10      	pop	{r4, pc}
   a:	46c0      	nop			(mov r8, r8)
   c:	00000030 	.word	0x00000030
Disassembly of section .text.ECG_GetDeviceDescriptor:

00000000 <ECG_GetDeviceDescriptor>:
ECG_GetDeviceDescriptor():
C:\Documents and Settings\Jingxi\My Documents\My Projects\STM32Primer\Projects\STM32ECG\src/usb_prop.c:269
   0:	b510      	push	{r4, lr}
C:\Documents and Settings\Jingxi\My Documents\My Projects\STM32Primer\Projects\STM32ECG\src/usb_prop.c:270
   2:	4902      	ldr	r1, [pc, #8]	(c <ECG_GetDeviceDescriptor+0xc>)
   4:	f7ff fffe 	bl	0 <Standard_GetDescriptorData>
C:\Documents and Settings\Jingxi\My Documents\My Projects\STM32Primer\Projects\STM32ECG\src/usb_prop.c:271
   8:	bd10      	pop	{r4, pc}
   a:	46c0      	nop			(mov r8, r8)
   c:	00000038 	.word	0x00000038
Disassembly of section .text.ECG_Reset:

00000000 <ECG_Reset>:
ECG_Reset():
C:\Documents and Settings\Jingxi\My Documents\My Projects\STM32Primer\Projects\STM32ECG\src/usb_prop.c:144
   0:	4a20      	ldr	r2, [pc, #128]	(84 <ECG_Reset+0x84>)
   2:	b510      	push	{r4, lr}
C:\Documents and Settings\Jingxi\My Documents\My Projects\STM32Primer\Projects\STM32ECG\src/usb_prop.c:146
   4:	6813      	ldr	r3, [r2, #0]
   6:	2400      	movs	r4, #0
   8:	729c      	strb	r4, [r3, #10]
C:\Documents and Settings\Jingxi\My Documents\My Projects\STM32Primer\Projects\STM32ECG\src/usb_prop.c:147
   a:	6813      	ldr	r3, [r2, #0]
C:\Documents and Settings\Jingxi\My Documents\My Projects\STM32Primer\Projects\STM32ECG\src/usb_prop.c:148
   c:	4620      	mov	r0, r4
C:\Documents and Settings\Jingxi\My Documents\My Projects\STM32Primer\Projects\STM32ECG\src/usb_prop.c:147
   e:	72dc      	strb	r4, [r3, #11]
C:\Documents and Settings\Jingxi\My Documents\My Projects\STM32Primer\Projects\STM32ECG\src/usb_prop.c:148
  10:	f7ff fffe 	bl	0 <SetBTABLE>
C:\Documents and Settings\Jingxi\My Documents\My Projects\STM32Primer\Projects\STM32ECG\src/usb_prop.c:151
  14:	4620      	mov	r0, r4
  16:	f44f 7100 	mov.w	r1, #512	; 0x200
  1a:	f7ff fffe 	bl	0 <SetEPType>
C:\Documents and Settings\Jingxi\My Documents\My Projects\STM32Primer\Projects\STM32ECG\src/usb_prop.c:152
  1e:	4620      	mov	r0, r4
  20:	2110      	movs	r1, #16
  22:	f7ff fffe 	bl	0 <SetEPTxStatus>
C:\Documents and Settings\Jingxi\My Documents\My Projects\STM32Primer\Projects\STM32ECG\src/usb_prop.c:153
  26:	4620      	mov	r0, r4
  28:	2118      	movs	r1, #24
  2a:	f7ff fffe 	bl	0 <SetEPRxAddr>
C:\Documents and Settings\Jingxi\My Documents\My Projects\STM32Primer\Projects\STM32ECG\src/usb_prop.c:154
  2e:	2158      	movs	r1, #88
  30:	4620      	mov	r0, r4
  32:	f7ff fffe 	bl	0 <SetEPTxAddr>
C:\Documents and Settings\Jingxi\My Documents\My Projects\STM32Primer\Projects\STM32ECG\src/usb_prop.c:155
  36:	4620      	mov	r0, r4
  38:	f7ff fffe 	bl	0 <Clear_Status_Out>
C:\Documents and Settings\Jingxi\My Documents\My Projects\STM32Primer\Projects\STM32ECG\src/usb_prop.c:156
  3c:	4b12      	ldr	r3, [pc, #72]	(88 <ECG_Reset+0x88>)
  3e:	4620      	mov	r0, r4
  40:	f893 106c 	ldrb.w	r1, [r3, #108]
  44:	f7ff fffe 	bl	0 <SetEPRxCount>
C:\Documents and Settings\Jingxi\My Documents\My Projects\STM32Primer\Projects\STM32ECG\src/usb_prop.c:157
  48:	4620      	mov	r0, r4
  4a:	f7ff fffe 	bl	0 <SetEPRxValid>
C:\Documents and Settings\Jingxi\My Documents\My Projects\STM32Primer\Projects\STM32ECG\src/usb_prop.c:160
  4e:	2001      	movs	r0, #1
  50:	f44f 61c0 	mov.w	r1, #1536	; 0x600
  54:	f7ff fffe 	bl	0 <SetEPType>
C:\Documents and Settings\Jingxi\My Documents\My Projects\STM32Primer\Projects\STM32ECG\src/usb_prop.c:161
  58:	2001      	movs	r0, #1
  5a:	f44f 7180 	mov.w	r1, #256	; 0x100
  5e:	f7ff fffe 	bl	0 <SetEPTxAddr>
C:\Documents and Settings\Jingxi\My Documents\My Projects\STM32Primer\Projects\STM32ECG\src/usb_prop.c:163
  62:	2001      	movs	r0, #1
  64:	2178      	movs	r1, #120
  66:	f7ff fffe 	bl	0 <SetEPTxCount>
C:\Documents and Settings\Jingxi\My Documents\My Projects\STM32Primer\Projects\STM32ECG\src/usb_prop.c:164
  6a:	2001      	movs	r0, #1
  6c:	4621      	mov	r1, r4
  6e:	f7ff fffe 	bl	0 <SetEPRxStatus>
C:\Documents and Settings\Jingxi\My Documents\My Projects\STM32Primer\Projects\STM32ECG\src/usb_prop.c:165
  72:	2001      	movs	r0, #1
  74:	2120      	movs	r1, #32
  76:	f7ff fffe 	bl	0 <SetEPTxStatus>
C:\Documents and Settings\Jingxi\My Documents\My Projects\STM32Primer\Projects\STM32ECG\src/usb_prop.c:168
  7a:	4620      	mov	r0, r4
  7c:	f7ff fffe 	bl	0 <SetDeviceAddress>
C:\Documents and Settings\Jingxi\My Documents\My Projects\STM32Primer\Projects\STM32ECG\src/usb_prop.c:169
  80:	bd10      	pop	{r4, pc}
  82:	46c0      	nop			(mov r8, r8)
	...
Disassembly of section .text.ECG_init:

00000000 <ECG_init>:
ECG_init():
C:\Documents and Settings\Jingxi\My Documents\My Projects\STM32Primer\Projects\STM32ECG\src/usb_prop.c:117
   0:	b570      	push	{r4, r5, r6, lr}
C:\Documents and Settings\Jingxi\My Documents\My Projects\STM32Primer\Projects\STM32ECG\src/usb_prop.c:119
   2:	4d0c      	ldr	r5, [pc, #48]	(34 <ECG_init+0x34>)
   4:	2400      	movs	r4, #0
   6:	682b      	ldr	r3, [r5, #0]
   8:	729c      	strb	r4, [r3, #10]
C:\Documents and Settings\Jingxi\My Documents\My Projects\STM32Primer\Projects\STM32ECG\src/usb_prop.c:121
   a:	f7ff fffe 	bl	0 <PowerOn>
C:\Documents and Settings\Jingxi\My Documents\My Projects\STM32Primer\Projects\STM32ECG\src/usb_prop.c:123
   e:	4b0a      	ldr	r3, [pc, #40]	(38 <ECG_init+0x38>)
C:\Documents and Settings\Jingxi\My Documents\My Projects\STM32Primer\Projects\STM32ECG\src/usb_prop.c:124
  10:	f44f 423f 	mov.w	r2, #48896	; 0xbf00
C:\Documents and Settings\Jingxi\My Documents\My Projects\STM32Primer\Projects\STM32ECG\src/usb_prop.c:123
  14:	601c      	str	r4, [r3, #0]
C:\Documents and Settings\Jingxi\My Documents\My Projects\STM32Primer\Projects\STM32ECG\src/usb_prop.c:124
  16:	4b09      	ldr	r3, [pc, #36]	(3c <ECG_init+0x3c>)
  18:	801a      	strh	r2, [r3, #0]
C:\Documents and Settings\Jingxi\My Documents\My Projects\STM32Primer\Projects\STM32ECG\src/usb_prop.c:125
  1a:	4b09      	ldr	r3, [pc, #36]	(40 <ECG_init+0x40>)
  1c:	601a      	str	r2, [r3, #0]
C:\Documents and Settings\Jingxi\My Documents\My Projects\STM32Primer\Projects\STM32ECG\src/usb_prop.c:126
  1e:	4b09      	ldr	r3, [pc, #36]	(44 <ECG_init+0x44>)
  20:	682a      	ldr	r2, [r5, #0]
  22:	79db      	ldrb	r3, [r3, #7]
  24:	7253      	strb	r3, [r2, #9]
C:\Documents and Settings\Jingxi\My Documents\My Projects\STM32Primer\Projects\STM32ECG\src/usb_prop.c:130
  26:	f7ff fffe 	bl	0 <NOP_Process>
C:\Documents and Settings\Jingxi\My Documents\My Projects\STM32Primer\Projects\STM32ECG\src/usb_prop.c:133
  2a:	4b07      	ldr	r3, [pc, #28]	(48 <ECG_init+0x48>)
  2c:	2205      	movs	r2, #5
  2e:	701a      	strb	r2, [r3, #0]
C:\Documents and Settings\Jingxi\My Documents\My Projects\STM32Primer\Projects\STM32ECG\src/usb_prop.c:134
  30:	bd70      	pop	{r4, r5, r6, pc}
  32:	46c0      	nop			(mov r8, r8)
  34:	00000000 	.word	0x00000000
  38:	40005c44 	.word	0x40005c44
  3c:	00000000 	.word	0x00000000
  40:	40005c40 	.word	0x40005c40
	...
